<?xml version="1.0" encoding="UTF-8"?>
<!-- Generated by org.testng.reporters.JUnitReportReporter -->
<testsuite skipped="0" hostname="BHI-L0167.local" name="TestCase.Pet_sold" tests="1" failures="0" timestamp="18 Nov 2020 14:05:21 GMT" time="3.384" errors="0">
  <testcase name="postPet" time="3.384" classname="TestCase.Pet_sold"/>
</testsuite> <!-- TestCase.Pet_sold -->
